0 info it worked if it ends with ok
1 verbose cli [ 'C:\\Program Files\\nodejs\\node.exe',
1 verbose cli   'C:\\Program Files\\nodejs\\node_modules\\npm\\bin\\npm-cli.js',
1 verbose cli   'view',
1 verbose cli   'jalilic' ]
2 info using npm@3.10.10
3 info using node@v6.11.3
4 silly mapToRegistry name jalilic
5 silly mapToRegistry using default registry
6 silly mapToRegistry registry https://registry.npmjs.org/
7 silly mapToRegistry data Result {
7 silly mapToRegistry   raw: 'jalilic',
7 silly mapToRegistry   scope: null,
7 silly mapToRegistry   escapedName: 'jalilic',
7 silly mapToRegistry   name: 'jalilic',
7 silly mapToRegistry   rawSpec: '',
7 silly mapToRegistry   spec: 'latest',
7 silly mapToRegistry   type: 'tag' }
8 silly mapToRegistry uri https://registry.npmjs.org/jalilic
9 verbose request uri https://registry.npmjs.org/jalilic
10 verbose request no auth needed
11 info attempt registry request try #1 at 9:28:32 AM
12 verbose request id 9a7d363c0dd5032c
13 http request GET https://registry.npmjs.org/jalilic
14 info retry will retry, error on last attempt: Error: getaddrinfo ENOTFOUND registry.npmjs.org registry.npmjs.org:443
15 info attempt registry request try #2 at 9:28:54 AM
16 http request GET https://registry.npmjs.org/jalilic
17 http 404 https://registry.npmjs.org/jalilic
18 verbose headers { 'content-type': 'application/json',
18 verbose headers   'cache-control': 'max-age=0',
18 verbose headers   'content-length': '2',
18 verbose headers   'accept-ranges': 'bytes',
18 verbose headers   date: 'Sun, 28 Jan 2018 06:01:01 GMT',
18 verbose headers   via: '1.1 varnish',
18 verbose headers   connection: 'keep-alive',
18 verbose headers   'x-served-by': 'cache-fra19130-FRA',
18 verbose headers   'x-cache': 'MISS',
18 verbose headers   'x-cache-hits': '0',
18 verbose headers   'x-timer': 'S1517119261.241951,VS0,VE633',
18 verbose headers   vary: 'Accept-Encoding' }
19 silly get cb [ 404,
19 silly get   { 'content-type': 'application/json',
19 silly get     'cache-control': 'max-age=0',
19 silly get     'content-length': '2',
19 silly get     'accept-ranges': 'bytes',
19 silly get     date: 'Sun, 28 Jan 2018 06:01:01 GMT',
19 silly get     via: '1.1 varnish',
19 silly get     connection: 'keep-alive',
19 silly get     'x-served-by': 'cache-fra19130-FRA',
19 silly get     'x-cache': 'MISS',
19 silly get     'x-cache-hits': '0',
19 silly get     'x-timer': 'S1517119261.241951,VS0,VE633',
19 silly get     vary: 'Accept-Encoding' } ]
20 verbose stack Error: Registry returned 404 for GET on https://registry.npmjs.org/jalilic
20 verbose stack     at makeError (C:\Program Files\nodejs\node_modules\npm\node_modules\npm-registry-client\lib\request.js:302:12)
20 verbose stack     at CachingRegistryClient.<anonymous> (C:\Program Files\nodejs\node_modules\npm\node_modules\npm-registry-client\lib\request.js:280:14)
20 verbose stack     at Request._callback (C:\Program Files\nodejs\node_modules\npm\node_modules\npm-registry-client\lib\request.js:210:14)
20 verbose stack     at Request.self.callback (C:\Program Files\nodejs\node_modules\npm\node_modules\request\request.js:187:22)
20 verbose stack     at emitTwo (events.js:106:13)
20 verbose stack     at Request.emit (events.js:191:7)
20 verbose stack     at Request.<anonymous> (C:\Program Files\nodejs\node_modules\npm\node_modules\request\request.js:1048:10)
20 verbose stack     at emitOne (events.js:96:13)
20 verbose stack     at Request.emit (events.js:188:7)
20 verbose stack     at IncomingMessage.<anonymous> (C:\Program Files\nodejs\node_modules\npm\node_modules\request\request.js:969:12)
21 verbose statusCode 404
22 verbose pkgid jalilic
23 verbose cwd D:\NodeJs-Sample\PracticOne\PracticOne
24 error Windows_NT 6.3.9600
25 error argv "C:\\Program Files\\nodejs\\node.exe" "C:\\Program Files\\nodejs\\node_modules\\npm\\bin\\npm-cli.js" "view" "jalilic"
26 error node v6.11.3
27 error npm  v3.10.10
28 error code E404
29 error 404 Registry returned 404 for GET on https://registry.npmjs.org/jalilic
30 error 404
31 error 404 'jalilic' is not in the npm registry.
32 error 404 You should bug the author to publish it (or use the name yourself!)
33 error 404 Note that you can also install from a
34 error 404 tarball, folder, http url, or git url.
35 verbose exit [ 1, true ]
